2024-08-29 10:48:26,643 - Setup: connection.py - INFO: Creating database connection url from environment variables found in config/.env
2024-08-29 10:48:26,643 - Setup: connection.py - INFO: Creating database engine and session objects
2024-08-29 10:48:26,677 - Setup: schema.py - INFO: Building SQLAlchemy automap
2024-08-29 10:48:28,400 - Setup: schema.py - INFO: Successfully built SQLAlchemy automap
2024-08-29 10:48:28,400 - Setup: schema.py - INFO: Adding relationships to file table
2024-08-29 10:48:28,401 - Setup: schema.py - INFO: Adding relationships to project table
2024-08-29 10:48:28,401 - Setup: schema.py - INFO: Successfully added relationships to file and project tables
2024-08-29 10:48:28,419 - Setup: DatabaseMap.py - INFO: Building column_metadata map
2024-08-29 10:48:28,529 - Setup: DatabaseMap.py - INFO: Building DatabaseMap Object
2024-08-29 10:48:28,529 - Setup: DatabaseMap.py - INFO: Building metadata variables from automapped Base
2024-08-29 10:48:28,529 - Setup: DatabaseMap.py - INFO: Building entity class variables from automapped Base
2024-08-29 10:48:28,529 - Setup: DatabaseMap.py - INFO: Building column map
2024-08-29 10:48:28,530 - Setup: DatabaseMap.py - INFO: Building relationship map
2024-08-29 10:48:29,196 - Setup: connection.py - INFO: Creating database connection url from environment variables found in config/.env
2024-08-29 10:48:29,196 - Setup: connection.py - INFO: Creating database engine and session objects
2024-08-29 10:48:29,245 - Setup: schema.py - INFO: Building SQLAlchemy automap
2024-08-29 10:48:30,938 - Setup: schema.py - INFO: Successfully built SQLAlchemy automap
2024-08-29 10:48:30,939 - Setup: schema.py - INFO: Adding relationships to file table
2024-08-29 10:48:30,939 - Setup: schema.py - INFO: Adding relationships to project table
2024-08-29 10:48:30,940 - Setup: schema.py - INFO: Successfully added relationships to file and project tables
2024-08-29 10:48:30,963 - Setup: DatabaseMap.py - INFO: Building column_metadata map
2024-08-29 10:48:31,074 - Setup: DatabaseMap.py - INFO: Building DatabaseMap Object
2024-08-29 10:48:31,075 - Setup: DatabaseMap.py - INFO: Building metadata variables from automapped Base
2024-08-29 10:48:31,075 - Setup: DatabaseMap.py - INFO: Building entity class variables from automapped Base
2024-08-29 10:48:31,075 - Setup: DatabaseMap.py - INFO: Building column map
2024-08-29 10:48:31,075 - Setup: DatabaseMap.py - INFO: Building relationship map
